2019-08-27 08:32:08,495 - copydocLogger - INFO - Setting up parameters and environment.
2019-08-27 08:32:08,497 - copydocLogger - INFO - Finished configuring parameters and environment.
2019-08-27 08:32:08,497 - copydocLogger - INFO - Using 1 core(s)
2019-08-27 08:32:08,497 - copydocLogger - INFO - Using batches of 1 files
2019-08-27 08:32:08,497 - copydocLogger - INFO - Total number of files to process: 6
2019-08-27 08:32:08,497 - copydocLogger - INFO - Initiating the extraction of features and classification process...
2019-08-27 08:32:08,497 - copydocLogger - INFO - Processing batch 0
2019-08-27 08:32:08,497 - copydocLogger - INFO - Number of files in batch to process 1
2019-08-27 08:32:08,497 - copydocLogger - INFO - Files in batch to process: 
2019-08-27 08:32:08,497 - copydocLogger - INFO - /data/test_batch/4b7dd5f39d44350fd11d33af218946fc.pdf
2019-08-27 08:32:08,498 - copydocLogger - INFO - Preprocessing starting...
2019-08-27 08:32:08,498 - copydocLogger - INFO - Checking if data needs to be extracted and extracting it if needed.
2019-08-27 08:32:08,498 - copydocLogger - WARNING - This could take a long time.
2019-08-27 08:32:08,498 - copydocLogger - INFO - Starting preprocessing properties.
2019-08-27 08:32:08,612 - copydocLogger - INFO - Finished preprocessing properties.
2019-08-27 08:32:08,613 - copydocLogger - INFO - Starting preprocessing structure.
2019-08-27 08:32:09,100 - copydocLogger - INFO - Problem parsing xml file 4b7dd5f39d44350fd11d33af218946fc not well-formed (invalid token): line 8147, column 87
2019-08-27 08:32:09,100 - copydocLogger - INFO - Trying to fix the problem.
2019-08-27 08:32:26,815 - copydocLogger - INFO - Finished preprocessing structure.
2019-08-27 08:32:26,816 - copydocLogger - INFO - Preprocessing finished...
2019-08-27 08:32:26,816 - copydocLogger - INFO - Extracting features...
2019-08-27 08:32:26,817 - copydocLogger - WARNING - This could take a long time.
2019-08-27 08:32:28,477 - copydocLogger - INFO - Finished extracting features.
2019-08-27 08:32:28,478 - copydocLogger - INFO - Normalizing extracted features...
2019-08-27 08:32:28,479 - copydocLogger - INFO - Finished normalizing features.
2019-08-27 08:32:28,479 - copydocLogger - INFO - Processing batch 1
2019-08-27 08:32:28,479 - copydocLogger - INFO - Number of files in batch to process 1
2019-08-27 08:32:28,480 - copydocLogger - INFO - Files in batch to process: 
2019-08-27 08:32:28,480 - copydocLogger - INFO - /data/test_batch/4b756d9821e1e7fc454de93ce0307832.pdf
2019-08-27 08:32:28,480 - copydocLogger - INFO - Preprocessing starting...
2019-08-27 08:32:28,480 - copydocLogger - INFO - Checking if data needs to be extracted and extracting it if needed.
2019-08-27 08:32:28,481 - copydocLogger - WARNING - This could take a long time.
2019-08-27 08:32:28,481 - copydocLogger - INFO - Starting preprocessing properties.
2019-08-27 08:32:28,598 - copydocLogger - INFO - Finished preprocessing properties.
2019-08-27 08:32:28,598 - copydocLogger - INFO - Starting preprocessing structure.
2019-08-27 08:32:28,715 - copydocLogger - INFO - Finished preprocessing structure.
2019-08-27 08:32:28,716 - copydocLogger - INFO - Preprocessing finished...
2019-08-27 08:32:28,716 - copydocLogger - INFO - Extracting features...
2019-08-27 08:32:28,716 - copydocLogger - WARNING - This could take a long time.
2019-08-27 08:32:30,245 - copydocLogger - INFO - Finished extracting features.
2019-08-27 08:32:30,245 - copydocLogger - INFO - Normalizing extracted features...
2019-08-27 08:32:30,245 - copydocLogger - INFO - Finished normalizing features.
2019-08-27 08:32:30,246 - copydocLogger - INFO - Processing batch 2
2019-08-27 08:32:30,246 - copydocLogger - INFO - Number of files in batch to process 1
2019-08-27 08:32:30,246 - copydocLogger - INFO - Files in batch to process: 
2019-08-27 08:32:30,246 - copydocLogger - INFO - /data/test_batch/4b700d724912d5e5b6fd326d4efa950f.pdf
2019-08-27 08:32:30,246 - copydocLogger - INFO - Preprocessing starting...
2019-08-27 08:32:30,246 - copydocLogger - INFO - Checking if data needs to be extracted and extracting it if needed.
2019-08-27 08:32:30,246 - copydocLogger - WARNING - This could take a long time.
2019-08-27 08:32:30,246 - copydocLogger - INFO - Starting preprocessing properties.
2019-08-27 08:32:30,360 - copydocLogger - INFO - Finished preprocessing properties.
2019-08-27 08:32:30,360 - copydocLogger - INFO - Starting preprocessing structure.
2019-08-27 08:32:30,397 - copydocLogger - INFO - Finished preprocessing structure.
2019-08-27 08:32:30,397 - copydocLogger - INFO - Preprocessing finished...
2019-08-27 08:32:30,398 - copydocLogger - INFO - Extracting features...
2019-08-27 08:32:30,398 - copydocLogger - WARNING - This could take a long time.
2019-08-27 08:32:31,933 - copydocLogger - INFO - Finished extracting features.
2019-08-27 08:32:31,933 - copydocLogger - INFO - Normalizing extracted features...
2019-08-27 08:32:31,934 - copydocLogger - INFO - Finished normalizing features.
2019-08-27 08:32:31,934 - copydocLogger - INFO - Processing batch 3
2019-08-27 08:32:31,934 - copydocLogger - INFO - Number of files in batch to process 1
2019-08-27 08:32:31,934 - copydocLogger - INFO - Files in batch to process: 
2019-08-27 08:32:31,934 - copydocLogger - INFO - /data/test_batch/4b754b6e2a4cbd41e95a079fb1b4eda7.pdf
2019-08-27 08:32:31,935 - copydocLogger - INFO - Preprocessing starting...
2019-08-27 08:32:31,935 - copydocLogger - INFO - Checking if data needs to be extracted and extracting it if needed.
2019-08-27 08:32:31,935 - copydocLogger - WARNING - This could take a long time.
2019-08-27 08:32:31,935 - copydocLogger - INFO - Starting preprocessing properties.
2019-08-27 08:32:32,051 - copydocLogger - INFO - Finished preprocessing properties.
2019-08-27 08:32:32,051 - copydocLogger - INFO - Starting preprocessing structure.
2019-08-27 08:32:32,610 - copydocLogger - INFO - Finished preprocessing structure.
2019-08-27 08:32:32,611 - copydocLogger - INFO - Preprocessing finished...
2019-08-27 08:32:32,611 - copydocLogger - INFO - Extracting features...
2019-08-27 08:32:32,611 - copydocLogger - WARNING - This could take a long time.
2019-08-27 08:32:34,157 - copydocLogger - INFO - Finished extracting features.
2019-08-27 08:32:34,157 - copydocLogger - INFO - Normalizing extracted features...
2019-08-27 08:32:34,158 - copydocLogger - INFO - Finished normalizing features.
2019-08-27 08:32:34,158 - copydocLogger - INFO - Processing batch 4
2019-08-27 08:32:34,158 - copydocLogger - INFO - Number of files in batch to process 1
2019-08-27 08:32:34,158 - copydocLogger - INFO - Files in batch to process: 
2019-08-27 08:32:34,158 - copydocLogger - INFO - /data/test_batch/4b70887e217dcb8c0e60b94f75878b01.pdf
2019-08-27 08:32:34,158 - copydocLogger - INFO - Preprocessing starting...
2019-08-27 08:32:34,158 - copydocLogger - INFO - Checking if data needs to be extracted and extracting it if needed.
2019-08-27 08:32:34,158 - copydocLogger - WARNING - This could take a long time.
2019-08-27 08:32:34,159 - copydocLogger - INFO - Starting preprocessing properties.
2019-08-27 08:32:34,274 - copydocLogger - INFO - Finished preprocessing properties.
2019-08-27 08:32:34,275 - copydocLogger - INFO - Starting preprocessing structure.
2019-08-27 08:32:34,417 - copydocLogger - INFO - Finished preprocessing structure.
2019-08-27 08:32:34,418 - copydocLogger - INFO - Preprocessing finished...
2019-08-27 08:32:34,418 - copydocLogger - INFO - Extracting features...
2019-08-27 08:32:34,419 - copydocLogger - WARNING - This could take a long time.
2019-08-27 08:32:35,990 - copydocLogger - INFO - Finished extracting features.
2019-08-27 08:32:35,990 - copydocLogger - INFO - Normalizing extracted features...
2019-08-27 08:32:35,991 - copydocLogger - INFO - Finished normalizing features.
2019-08-27 08:32:35,991 - copydocLogger - INFO - Processing batch 5
2019-08-27 08:32:35,991 - copydocLogger - INFO - Number of files in batch to process 1
2019-08-27 08:32:35,991 - copydocLogger - INFO - Files in batch to process: 
2019-08-27 08:32:35,991 - copydocLogger - INFO - /data/test_batch/4b7df6db0c37bf1d67ffd08624d9fef1.pdf
2019-08-27 08:32:35,991 - copydocLogger - INFO - Preprocessing starting...
2019-08-27 08:32:35,992 - copydocLogger - INFO - Checking if data needs to be extracted and extracting it if needed.
2019-08-27 08:32:35,992 - copydocLogger - WARNING - This could take a long time.
2019-08-27 08:32:35,992 - copydocLogger - INFO - Starting preprocessing properties.
2019-08-27 08:32:36,107 - copydocLogger - INFO - Finished preprocessing properties.
2019-08-27 08:32:36,107 - copydocLogger - INFO - Starting preprocessing structure.
2019-08-27 08:32:59,817 - copydocLogger - INFO - Finished preprocessing structure.
2019-08-27 08:32:59,818 - copydocLogger - INFO - Preprocessing finished...
2019-08-27 08:32:59,818 - copydocLogger - INFO - Extracting features...
2019-08-27 08:32:59,818 - copydocLogger - WARNING - This could take a long time.
2019-08-27 08:33:01,412 - copydocLogger - INFO - Finished extracting features.
2019-08-27 08:33:01,413 - copydocLogger - INFO - Normalizing extracted features...
2019-08-27 08:33:01,414 - copydocLogger - INFO - Finished normalizing features.
2019-08-27 08:33:01,415 - copydocLogger - INFO - Finished processing the structural features of all files...
2019-08-27 08:33:01,415 - copydocLogger - INFO - Average seconds preprocessing structural features per file: 8.8196888367335
2019-08-27 08:33:01,416 - copydocLogger - INFO - Setting up deep learning data and models.
2019-08-27 08:33:01,416 - copydocLogger - WARNING - Checking if images need to be extracted. This may take a long time.
2019-08-27 08:33:01,423 - copydocLogger - INFO - Finished checking and extracting all images.
2019-08-27 08:33:01,424 - copydocLogger - INFO - Start generation of deep features.
2019-08-27 08:33:01,424 - copydocLogger - INFO - Start generation of res deep features.
2019-08-27 08:33:01,432 - tensorflow - WARNING - From /home/student/r/rgaritafigue/deepdoc/lib/python3.5/site-packages/keras/backend/tensorflow_backend.py:66: The name tf.get_default_graph is deprecated. Please use tf.compat.v1.get_default_graph instead.

2019-08-27 08:33:01,447 - tensorflow - WARNING - From /home/student/r/rgaritafigue/deepdoc/lib/python3.5/site-packages/keras/backend/tensorflow_backend.py:541: The name tf.placeholder is deprecated. Please use tf.compat.v1.placeholder instead.

2019-08-27 08:33:01,460 - tensorflow - WARNING - From /home/student/r/rgaritafigue/deepdoc/lib/python3.5/site-packages/keras/backend/tensorflow_backend.py:4479: The name tf.truncated_normal is deprecated. Please use tf.random.truncated_normal instead.

2019-08-27 08:33:01,483 - tensorflow - WARNING - From /home/student/r/rgaritafigue/deepdoc/lib/python3.5/site-packages/keras/backend/tensorflow_backend.py:190: The name tf.get_default_session is deprecated. Please use tf.compat.v1.get_default_session instead.

2019-08-27 08:33:01,483 - tensorflow - WARNING - From /home/student/r/rgaritafigue/deepdoc/lib/python3.5/site-packages/keras/backend/tensorflow_backend.py:197: The name tf.ConfigProto is deprecated. Please use tf.compat.v1.ConfigProto instead.

2019-08-27 08:33:01,521 - tensorflow - WARNING - From /home/student/r/rgaritafigue/deepdoc/lib/python3.5/site-packages/keras/backend/tensorflow_backend.py:2041: The name tf.nn.fused_batch_norm is deprecated. Please use tf.compat.v1.nn.fused_batch_norm instead.

2019-08-27 08:33:01,592 - tensorflow - WARNING - From /home/student/r/rgaritafigue/deepdoc/lib/python3.5/site-packages/keras/backend/tensorflow_backend.py:4267: The name tf.nn.max_pool is deprecated. Please use tf.nn.max_pool2d instead.

2019-08-27 08:33:10,029 - copydocLogger - INFO - Starting prediction of image generator for res network.
2019-08-27 08:33:10,046 - PIL.Image - DEBUG - Error closing: 'Image' object has no attribute 'fp'
2019-08-27 08:33:10,049 - PIL.Image - DEBUG - Error closing: 'Image' object has no attribute 'fp'
2019-08-27 08:33:10,051 - PIL.Image - DEBUG - Error closing: 'Image' object has no attribute 'fp'
2019-08-27 08:33:10,053 - PIL.Image - DEBUG - Error closing: 'Image' object has no attribute 'fp'
2019-08-27 08:33:10,054 - PIL.Image - DEBUG - Error closing: 'Image' object has no attribute 'fp'
2019-08-27 08:33:10,056 - PIL.Image - DEBUG - Error closing: 'Image' object has no attribute 'fp'
2019-08-27 08:33:10,058 - PIL.Image - DEBUG - Error closing: 'Image' object has no attribute 'fp'
2019-08-27 08:33:10,059 - PIL.Image - DEBUG - Error closing: 'Image' object has no attribute 'fp'
2019-08-27 08:33:10,061 - PIL.Image - DEBUG - Error closing: 'Image' object has no attribute 'fp'
2019-08-27 08:33:10,063 - PIL.Image - DEBUG - Error closing: 'Image' object has no attribute 'fp'
2019-08-27 08:33:10,064 - PIL.Image - DEBUG - Error closing: 'Image' object has no attribute 'fp'
2019-08-27 08:33:10,066 - PIL.Image - DEBUG - Error closing: 'Image' object has no attribute 'fp'
2019-08-27 08:33:11,019 - PIL.Image - DEBUG - Error closing: 'Image' object has no attribute 'fp'
2019-08-27 08:33:11,158 - PIL.Image - DEBUG - Error closing: 'Image' object has no attribute 'fp'
2019-08-27 08:33:12,720 - PIL.Image - DEBUG - Error closing: 'Image' object has no attribute 'fp'
2019-08-27 08:33:12,722 - PIL.Image - DEBUG - Error closing: 'Image' object has no attribute 'fp'
2019-08-27 08:33:12,726 - PIL.Image - DEBUG - Error closing: 'Image' object has no attribute 'fp'
2019-08-27 08:33:12,729 - PIL.Image - DEBUG - Error closing: 'Image' object has no attribute 'fp'
2019-08-27 08:33:12,733 - PIL.Image - DEBUG - Error closing: 'Image' object has no attribute 'fp'
2019-08-27 08:33:12,735 - PIL.Image - DEBUG - Error closing: 'Image' object has no attribute 'fp'
2019-08-27 08:33:12,737 - PIL.Image - DEBUG - Error closing: 'Image' object has no attribute 'fp'
2019-08-27 08:33:12,739 - PIL.Image - DEBUG - Error closing: 'Image' object has no attribute 'fp'
2019-08-27 08:33:12,745 - PIL.Image - DEBUG - Error closing: 'Image' object has no attribute 'fp'
2019-08-27 08:33:12,748 - PIL.Image - DEBUG - Error closing: 'Image' object has no attribute 'fp'
2019-08-27 08:33:12,751 - PIL.Image - DEBUG - Error closing: 'Image' object has no attribute 'fp'
2019-08-27 08:33:12,826 - copydocLogger - INFO - Finished prediction of image generator for res network.
2019-08-27 08:33:12,827 - copydocLogger - INFO - Generated ResNet features: 11.403093099594116
2019-08-27 08:33:12,832 - copydocLogger - INFO - Start generation of xce deep features.
2019-08-27 08:33:20,482 - copydocLogger - INFO - Starting prediction of image generator for xce network.
2019-08-27 08:33:20,487 - PIL.Image - DEBUG - Error closing: 'Image' object has no attribute 'fp'
2019-08-27 08:33:20,494 - PIL.Image - DEBUG - Error closing: 'Image' object has no attribute 'fp'
2019-08-27 08:33:20,496 - PIL.Image - DEBUG - Error closing: 'Image' object has no attribute 'fp'
2019-08-27 08:33:20,498 - PIL.Image - DEBUG - Error closing: 'Image' object has no attribute 'fp'
2019-08-27 08:33:20,500 - PIL.Image - DEBUG - Error closing: 'Image' object has no attribute 'fp'
2019-08-27 08:33:20,502 - PIL.Image - DEBUG - Error closing: 'Image' object has no attribute 'fp'
2019-08-27 08:33:20,504 - PIL.Image - DEBUG - Error closing: 'Image' object has no attribute 'fp'
2019-08-27 08:33:20,506 - PIL.Image - DEBUG - Error closing: 'Image' object has no attribute 'fp'
2019-08-27 08:33:20,508 - PIL.Image - DEBUG - Error closing: 'Image' object has no attribute 'fp'
2019-08-27 08:33:20,509 - PIL.Image - DEBUG - Error closing: 'Image' object has no attribute 'fp'
2019-08-27 08:33:20,511 - PIL.Image - DEBUG - Error closing: 'Image' object has no attribute 'fp'
2019-08-27 08:33:20,513 - PIL.Image - DEBUG - Error closing: 'Image' object has no attribute 'fp'
2019-08-27 08:33:21,852 - PIL.Image - DEBUG - Error closing: 'Image' object has no attribute 'fp'
2019-08-27 08:33:22,160 - PIL.Image - DEBUG - Error closing: 'Image' object has no attribute 'fp'
2019-08-27 08:33:25,396 - PIL.Image - DEBUG - Error closing: 'Image' object has no attribute 'fp'
2019-08-27 08:33:25,398 - PIL.Image - DEBUG - Error closing: 'Image' object has no attribute 'fp'
2019-08-27 08:33:25,400 - PIL.Image - DEBUG - Error closing: 'Image' object has no attribute 'fp'
2019-08-27 08:33:25,402 - PIL.Image - DEBUG - Error closing: 'Image' object has no attribute 'fp'
2019-08-27 08:33:25,404 - PIL.Image - DEBUG - Error closing: 'Image' object has no attribute 'fp'
2019-08-27 08:33:25,412 - PIL.Image - DEBUG - Error closing: 'Image' object has no attribute 'fp'
2019-08-27 08:33:25,420 - PIL.Image - DEBUG - Error closing: 'Image' object has no attribute 'fp'
2019-08-27 08:33:25,422 - PIL.Image - DEBUG - Error closing: 'Image' object has no attribute 'fp'
2019-08-27 08:33:25,430 - PIL.Image - DEBUG - Error closing: 'Image' object has no attribute 'fp'
2019-08-27 08:33:25,433 - PIL.Image - DEBUG - Error closing: 'Image' object has no attribute 'fp'
2019-08-27 08:33:25,436 - PIL.Image - DEBUG - Error closing: 'Image' object has no attribute 'fp'
2019-08-27 08:33:25,653 - copydocLogger - INFO - Finished prediction of image generator for xce network.
2019-08-27 08:33:25,654 - copydocLogger - INFO - Generated Xception features: 12.822080373764038
2019-08-27 08:33:25,654 - copydocLogger - INFO - Start generation of inc deep features.
2019-08-27 08:33:26,607 - tensorflow - WARNING - From /home/student/r/rgaritafigue/deepdoc/lib/python3.5/site-packages/keras/backend/tensorflow_backend.py:4271: The name tf.nn.avg_pool is deprecated. Please use tf.nn.avg_pool2d instead.

2019-08-27 08:33:41,309 - copydocLogger - INFO - Starting prediction of image generator for inc network.
2019-08-27 08:33:41,316 - PIL.Image - DEBUG - Error closing: 'Image' object has no attribute 'fp'
2019-08-27 08:33:41,322 - PIL.Image - DEBUG - Error closing: 'Image' object has no attribute 'fp'
2019-08-27 08:33:41,324 - PIL.Image - DEBUG - Error closing: 'Image' object has no attribute 'fp'
2019-08-27 08:33:41,326 - PIL.Image - DEBUG - Error closing: 'Image' object has no attribute 'fp'
2019-08-27 08:33:41,328 - PIL.Image - DEBUG - Error closing: 'Image' object has no attribute 'fp'
2019-08-27 08:33:41,330 - PIL.Image - DEBUG - Error closing: 'Image' object has no attribute 'fp'
2019-08-27 08:33:41,332 - PIL.Image - DEBUG - Error closing: 'Image' object has no attribute 'fp'
2019-08-27 08:33:41,334 - PIL.Image - DEBUG - Error closing: 'Image' object has no attribute 'fp'
2019-08-27 08:33:41,336 - PIL.Image - DEBUG - Error closing: 'Image' object has no attribute 'fp'
2019-08-27 08:33:41,337 - PIL.Image - DEBUG - Error closing: 'Image' object has no attribute 'fp'
2019-08-27 08:33:41,339 - PIL.Image - DEBUG - Error closing: 'Image' object has no attribute 'fp'
2019-08-27 08:33:41,341 - PIL.Image - DEBUG - Error closing: 'Image' object has no attribute 'fp'
2019-08-27 08:33:43,712 - PIL.Image - DEBUG - Error closing: 'Image' object has no attribute 'fp'
2019-08-27 08:33:43,865 - PIL.Image - DEBUG - Error closing: 'Image' object has no attribute 'fp'
2019-08-27 08:33:45,644 - PIL.Image - DEBUG - Error closing: 'Image' object has no attribute 'fp'
2019-08-27 08:33:45,647 - PIL.Image - DEBUG - Error closing: 'Image' object has no attribute 'fp'
2019-08-27 08:33:45,649 - PIL.Image - DEBUG - Error closing: 'Image' object has no attribute 'fp'
2019-08-27 08:33:45,651 - PIL.Image - DEBUG - Error closing: 'Image' object has no attribute 'fp'
2019-08-27 08:33:45,657 - PIL.Image - DEBUG - Error closing: 'Image' object has no attribute 'fp'
2019-08-27 08:33:45,666 - PIL.Image - DEBUG - Error closing: 'Image' object has no attribute 'fp'
2019-08-27 08:33:45,668 - PIL.Image - DEBUG - Error closing: 'Image' object has no attribute 'fp'
2019-08-27 08:33:45,670 - PIL.Image - DEBUG - Error closing: 'Image' object has no attribute 'fp'
2019-08-27 08:33:45,672 - PIL.Image - DEBUG - Error closing: 'Image' object has no attribute 'fp'
2019-08-27 08:33:45,679 - PIL.Image - DEBUG - Error closing: 'Image' object has no attribute 'fp'
2019-08-27 08:33:45,681 - PIL.Image - DEBUG - Error closing: 'Image' object has no attribute 'fp'
2019-08-27 08:33:45,742 - copydocLogger - INFO - Finished prediction of image generator for inc network.
2019-08-27 08:33:45,743 - copydocLogger - INFO - Generated InceptionV3 features: 20.088573217391968
2019-08-27 08:33:45,743 - copydocLogger - INFO - Average seconds preprocessing deep features per file: 7.387861490249634
2019-08-27 08:33:45,743 - copydocLogger - INFO - Predicting outputs with classifier for text feature.
2019-08-27 08:33:45,751 - copydocLogger - INFO - Finishing predicting outputs with classifier for text feature.
2019-08-27 08:33:45,751 - copydocLogger - INFO - Predicting outputs with classifier for first_100_words feature.
2019-08-27 08:33:45,759 - copydocLogger - INFO - Finishing predicting outputs with classifier for first_100_words feature.
2019-08-27 08:33:45,759 - copydocLogger - INFO - Predicting outputs with classifier for last_100_words feature.
2019-08-27 08:33:45,766 - copydocLogger - INFO - Finishing predicting outputs with classifier for last_100_words feature.
2019-08-27 08:33:45,766 - copydocLogger - INFO - Predicting outputs with classifier for bold_text feature.
2019-08-27 08:33:45,773 - copydocLogger - INFO - Finishing predicting outputs with classifier for bold_text feature.
2019-08-27 08:33:45,773 - copydocLogger - INFO - Predicting outputs with classifier for producer feature.
2019-08-27 08:33:45,774 - copydocLogger - INFO - Finishing predicting outputs with classifier for producer feature.
2019-08-27 08:33:45,774 - copydocLogger - INFO - Predicting outputs with classifier for creator feature.
2019-08-27 08:33:45,775 - copydocLogger - INFO - Finishing predicting outputs with classifier for creator feature.
2019-08-27 08:33:45,775 - copydocLogger - INFO - Predicting outputs with classifier for numeric feature.
2019-08-27 08:33:46,221 - copydocLogger - INFO - Finishing predicting outputs with classifier for numeric feature.
2019-08-27 08:33:46,234 - tensorflow - WARNING - From /home/student/r/rgaritafigue/deepdoc/lib/python3.5/site-packages/keras/backend/tensorflow_backend.py:3733: calling dropout (from tensorflow.python.ops.nn_ops) with keep_prob is deprecated and will be removed in a future version.
Instructions for updating:
Please use `rate` instead of `keep_prob`. Rate should be set to `rate = 1 - keep_prob`.
2019-08-27 08:33:51,038 - copydocLogger - INFO - Average seconds predicting per file: 0.8825273116429647
2019-08-27 08:33:51,039 - copydocLogger - INFO - Saving prediction results
2019-08-27 08:33:51,040 - copydocLogger - INFO - Final results saved. results_20190827-083351.json results_20190827-083351.csv
2019-08-27 08:33:51,040 - copydocLogger - INFO - Generating final report
2019-08-27 08:33:51,041 - copydocLogger - INFO - Final report saved. report_20190827-083351.json report_20190827-083351.csv
